<?xml version="1.0" encoding="UTF-8"?>
<!-- Generated by org.testng.reporters.JUnitReportReporter -->
<testsuite skipped="0" hostname="lenovo-PC" name="com.actitime.testcases.HomePageTest" tests="2" failures="0" timestamp="10 Dec 2017 04:42:22 GMT" time="14.325" errors="0">
  <testcase name="validateHomePageTest" time="7.291" classname="com.actitime.testcases.HomePageTest"/>
  <testcase name="showtasksTest" time="7.034" classname="com.actitime.testcases.HomePageTest"/>
</testsuite> <!-- com.actitime.testcases.HomePageTest -->
