<?xml version="1.0" encoding="UTF-8"?>
<!-- Generated by org.testng.reporters.JUnitReportReporter -->
<testsuite skipped="0" hostname="lenovo-PC" name="com.actitime.testcases.AddNewCustomerPageTest" tests="4" failures="0" timestamp="25 Feb 2018 16:08:28 GMT" time="65.363" errors="0">
  <testcase name="verifyAddNewCustomerTest" time="10.750" classname="com.actitime.testcases.AddNewCustomerPageTest"/>
  <testcase name="verifyAddNewCustomerTest" time="11.712" classname="com.actitime.testcases.AddNewCustomerPageTest"/>
  <testcase name="verifyAddNewCustomerTest" time="10.190" classname="com.actitime.testcases.AddNewCustomerPageTest"/>
  <testcase name="verifyAddNewCustomerTest" time="32.711" classname="com.actitime.testcases.AddNewCustomerPageTest"/>
</testsuite> <!-- com.actitime.testcases.AddNewCustomerPageTest -->
