<?xml version="1.0" encoding="UTF-8"?>
<!-- Generated by org.testng.reporters.JUnitReportReporter -->
<testsuite skipped="0" hostname="lenovo-PC" name="practice.selenium.AlertsDemo" tests="1" failures="0" timestamp="02 Jan 2018 12:58:24 GMT" time="22.449" errors="0">
  <testcase name="JavascriptAlert" time="22.449" classname="practice.selenium.AlertsDemo"/>
</testsuite> <!-- practice.selenium.AlertsDemo -->
