<?xml version="1.0" encoding="UTF-8"?>
<!-- Generated by org.testng.reporters.JUnitReportReporter -->
<testsuite skipped="0" hostname="lenovo-PC" name="com.actitime.testcases.LoginPageTest" tests="2" failures="0" timestamp="04 Feb 2018 03:23:18 GMT" time="20.111" errors="0">
  <testcase name="loginPageIconValidate" time="11.142" classname="com.actitime.testcases.LoginPageTest"/>
  <testcase name="logintest" time="8.969" classname="com.actitime.testcases.LoginPageTest"/>
</testsuite> <!-- com.actitime.testcases.LoginPageTest -->
