<?xml version="1.0" encoding="UTF-8"?>
<!-- Generated by org.testng.reporters.JUnitReportReporter -->
<testsuite skipped="0" hostname="lenovo-PC" name="com.actitime.testcases.ProjectsAndCustomersPageTest" tests="1" failures="0" timestamp="04 Feb 2018 03:23:18 GMT" time="0.015" errors="0">
  <testcase name="verifyProjectsAndCustomersPageTest" time="0.015" classname="com.actitime.testcases.ProjectsAndCustomersPageTest"/>
</testsuite> <!-- com.actitime.testcases.ProjectsAndCustomersPageTest -->
